<?xml version="1.0" encoding="UTF-8"?>
<!-- Generated by org.testng.reporters.JUnitXMLReporter -->
<testsuite ignored="0" hostname="LAPTOP-92EUTB0V" failures="0" tests="4" name="Default test" time="95.308" errors="0" timestamp="2024-09-26T13:23:46 IST">
  <testcase classname="scenario2Test.AdminPageTest" name="getAllMenu" time="3.203"/>
  <testcase classname="scenario2Test.AdminPageTest" name="VerifySearchWithUsername" time="4.382"/>
  <testcase classname="scenario2Test.AdminPageTest" name="VerifySerchWithUserRole" time="3.301"/>
  <testcase classname="scenario2Test.AdminPageTest" name="VerifySerchWithUserStatus" time="2.963"/>
</testsuite> <!-- Default test -->
