<?xml version="1.0" encoding="UTF-8"?>
<!-- Generated by org.testng.reporters.JUnitXMLReporter -->
<testsuite ignored="0" hostname="LAPTOP-92EUTB0V" failures="0" tests="4" name="Default test" time="72.789" errors="0" timestamp="2024-08-29T19:16:55 IST">
  <testcase classname="scenario2Test.AdminPageTest" name="getAllMenu" time="2.588"/>
  <testcase classname="scenario2Test.AdminPageTest" name="VerifySearchWithUsername" time="3.837"/>
  <testcase classname="scenario2Test.AdminPageTest" name="VerifySerchWithUserRole" time="3.296"/>
  <testcase classname="scenario2Test.AdminPageTest" name="VerifySerchWithUserStatus" time="2.91"/>
</testsuite> <!-- Default test -->
