<?xml version="1.0" encoding="UTF-8"?>
<!-- Generated by org.testng.reporters.JUnitXMLReporter -->
<testsuite ignored="0" hostname="LAPTOP-92EUTB0V" failures="0" tests="5" name="Test" time="55.301" errors="0" timestamp="2024-08-27T11:26:34 IST">
  <testcase classname="TestScenarios.datDrivenTest" name="loginTest" time="9.285"/>
  <testcase classname="TestScenarios.datDrivenTest" name="loginTest" time="1.777"/>
  <testcase classname="TestScenarios.datDrivenTest" name="loginTest" time="1.542"/>
  <testcase classname="TestScenarios.datDrivenTest" name="loginTest" time="1.645"/>
  <testcase classname="TestScenarios.datDrivenTest" name="loginTest" time="1.673"/>
</testsuite> <!-- Test -->
