<?xml version="1.0" encoding="UTF-8"?>
<testng-results ignored="0" total="4" passed="4" failed="0" skipped="0">
  <reporter-output>
  </reporter-output>
  <suite started-at="2024-08-29T19:15:42 IST" name="Default suite" finished-at="2024-08-29T19:16:55 IST" duration-ms="72789">
    <groups>
    </groups>
    <test started-at="2024-08-29T19:15:42 IST" name="Default test" finished-at="2024-08-29T19:16:55 IST" duration-ms="72789">
      <class name="scenario2Test.AdminPageTest">
        <test-method is-config="true" signature="setUp()[pri:0, instance:scenario2Test.AdminPageTest@4562e04d]" started-at="2024-08-29T19:15:42 IST" name="setUp" finished-at="2024-08-29T19:16:33 IST" duration-ms="50852" status="PASS">
          <reporter-output>
          </reporter-output>
        </test-method> <!-- setUp -->
        <test-method is-config="true" signature="pageSetup()[pri:0, instance:scenario2Test.AdminPageTest@4562e04d]" started-at="2024-08-29T19:16:33 IST" name="pageSetup" finished-at="2024-08-29T19:16:37 IST" duration-ms="3756" status="PASS">
          <reporter-output>
          </reporter-output>
        </test-method> <!-- pageSetup -->
        <test-method signature="getAllMenu()[pri:1, instance:scenario2Test.AdminPageTest@4562e04d]" started-at="2024-08-29T19:16:37 IST" name="getAllMenu" finished-at="2024-08-29T19:16:39 IST" duration-ms="2588" status="PASS">
          <reporter-output>
          </reporter-output>
        </test-method> <!-- getAllMenu -->
        <test-method signature="VerifySearchWithUsername()[pri:2, instance:scenario2Test.AdminPageTest@4562e04d]" started-at="2024-08-29T19:16:39 IST" name="VerifySearchWithUsername" finished-at="2024-08-29T19:16:43 IST" duration-ms="3837" status="PASS">
          <reporter-output>
          </reporter-output>
        </test-method> <!-- VerifySearchWithUsername -->
        <test-method signature="VerifySerchWithUserRole()[pri:3, instance:scenario2Test.AdminPageTest@4562e04d]" started-at="2024-08-29T19:16:43 IST" name="VerifySerchWithUserRole" finished-at="2024-08-29T19:16:46 IST" duration-ms="3296" status="PASS">
          <reporter-output>
          </reporter-output>
        </test-method> <!-- VerifySerchWithUserRole -->
        <test-method signature="VerifySerchWithUserStatus()[pri:4, instance:scenario2Test.AdminPageTest@4562e04d]" started-at="2024-08-29T19:16:46 IST" name="VerifySerchWithUserStatus" finished-at="2024-08-29T19:16:49 IST" duration-ms="2910" status="PASS">
          <reporter-output>
          </reporter-output>
        </test-method> <!-- VerifySerchWithUserStatus -->
        <test-method is-config="true" signature="tearDown()[pri:0, instance:scenario2Test.AdminPageTest@4562e04d]" started-at="2024-08-29T19:16:49 IST" name="tearDown" finished-at="2024-08-29T19:16:55 IST" duration-ms="5463" status="PASS">
          <reporter-output>
          </reporter-output>
        </test-method> <!-- tearDown -->
      </class> <!-- scenario2Test.AdminPageTest -->
    </test> <!-- Default test -->
  </suite> <!-- Default suite -->
</testng-results>
